<?xml version="1.0" encoding="utf-8"?>
<TestRun id="5ecbf397-17cf-4ed6-a97e-29507349c323" name="ahmadnia@CRLHV-PRET20 2022-10-06 11:59:32" runUser="CONTOURSOFTWARE\ahmadnia" xmlns="http://microsoft.com/schemas/VisualStudio/TeamTest/2010">
  <Times creation="2022-10-06T11:59:32.3041032+05:00" queuing="2022-10-06T11:59:32.3041032+05:00" start="2022-10-06T11:59:10.1916364+05:00" finish="2022-10-06T12:00:13.9143309+05:00" />
  <TestSettings name="default" id="abb308c6-f95f-4afc-abcd-26ef1c69138d">
    <Deployment runDeploymentRoot="ahmadnia_CRLHV-PRET20_2022-10-06_11_59_32" />
  </TestSettings>
  <Results>
    <UnitTestResult executionId="0b822fbc-6e5b-4cb4-b3da-dc7f28ec1ad5" testId="0c233444-b3fe-4f92-a99f-697ac22b45d8" testName="TestMethod1 (Data Row 0)" computerName="CRLHV-PRET20" duration="00:00:20.4572324" startTime="2022-10-06T11:59:11.2608545+05:00" endTime="2022-10-06T11:59:32.2091021+05:00" testType="13cdc9d9-ddb5-4fa4-a97d-d965ccfc6d4b" outcome="Passed" testListId="8c84fa94-04c1-424b-9868-57a2d4851a1d" relativeResultsDirectory="0b822fbc-6e5b-4cb4-b3da-dc7f28ec1ad5" />
    <UnitTestResult executionId="4323a1f4-663a-45ac-a31b-857b40fd2b29" testId="8ebb347c-3045-4cd7-8121-e063a686b570" testName="testmethod3 (Data Row 0)" computerName="CRLHV-PRET20" duration="00:00:24.1392259" startTime="2022-10-06T11:59:49.0016900+05:00" endTime="2022-10-06T12:00:13.1433250+05:00" testType="13cdc9d9-ddb5-4fa4-a97d-d965ccfc6d4b" outcome="Passed" testListId="8c84fa94-04c1-424b-9868-57a2d4851a1d" relativeResultsDirectory="4323a1f4-663a-45ac-a31b-857b40fd2b29" />
    <UnitTestResult executionId="5e24ad2c-1489-4521-9f88-bd3b4239bc03" testId="94e284a5-631e-4cfb-8bb8-9becfef00974" testName="testmethod2 (Data Row 0)" computerName="CRLHV-PRET20" duration="00:00:16.7113472" startTime="2022-10-06T11:59:32.2851024+05:00" endTime="2022-10-06T11:59:49.0016900+05:00" testType="13cdc9d9-ddb5-4fa4-a97d-d965ccfc6d4b" outcome="Passed" testListId="8c84fa94-04c1-424b-9868-57a2d4851a1d" relativeResultsDirectory="5e24ad2c-1489-4521-9f88-bd3b4239bc03" />
  </Results>
  <TestDefinitions>
    <UnitTest name="TestMethod1 (Data Row 0)" storage="c:\users\ahmadnia\source\repos\quiz\quiz\bin\debug\quiz.dll" id="0c233444-b3fe-4f92-a99f-697ac22b45d8">
      <Execution id="0b822fbc-6e5b-4cb4-b3da-dc7f28ec1ad5" />
      <TestMethod codeBase="C:\Users\ahmadnia\source\repos\Quiz\Quiz\bin\Debug\Quiz.dll" adapterTypeName="executor://mstestadapter/v2" className="Quiz.UnitTest1" name="TestMethod1" />
    </UnitTest>
    <UnitTest name="testmethod3 (Data Row 0)" storage="c:\users\ahmadnia\source\repos\quiz\quiz\bin\debug\quiz.dll" id="8ebb347c-3045-4cd7-8121-e063a686b570">
      <Execution id="4323a1f4-663a-45ac-a31b-857b40fd2b29" />
      <TestMethod codeBase="C:\Users\ahmadnia\source\repos\Quiz\Quiz\bin\Debug\Quiz.dll" adapterTypeName="executor://mstestadapter/v2" className="Quiz.UnitTest1" name="testmethod3" />
    </UnitTest>
    <UnitTest name="testmethod2 (Data Row 0)" storage="c:\users\ahmadnia\source\repos\quiz\quiz\bin\debug\quiz.dll" id="94e284a5-631e-4cfb-8bb8-9becfef00974">
      <Execution id="5e24ad2c-1489-4521-9f88-bd3b4239bc03" />
      <TestMethod codeBase="C:\Users\ahmadnia\source\repos\Quiz\Quiz\bin\Debug\Quiz.dll" adapterTypeName="executor://mstestadapter/v2" className="Quiz.UnitTest1" name="testmethod2" />
    </UnitTest>
  </TestDefinitions>
  <TestEntries>
    <TestEntry testId="0c233444-b3fe-4f92-a99f-697ac22b45d8" executionId="0b822fbc-6e5b-4cb4-b3da-dc7f28ec1ad5" testListId="8c84fa94-04c1-424b-9868-57a2d4851a1d" />
    <TestEntry testId="8ebb347c-3045-4cd7-8121-e063a686b570" executionId="4323a1f4-663a-45ac-a31b-857b40fd2b29" testListId="8c84fa94-04c1-424b-9868-57a2d4851a1d" />
    <TestEntry testId="94e284a5-631e-4cfb-8bb8-9becfef00974" executionId="5e24ad2c-1489-4521-9f88-bd3b4239bc03" testListId="8c84fa94-04c1-424b-9868-57a2d4851a1d" />
  </TestEntries>
  <TestLists>
    <TestList name="Results Not in a List" id="8c84fa94-04c1-424b-9868-57a2d4851a1d" />
    <TestList name="All Loaded Results" id="19431567-8539-422a-85d7-44ee4e166bda" />
  </TestLists>
  <ResultSummary outcome="Completed">
    <Counters total="3" executed="3" passed="3" failed="0" error="0" timeout="0" aborted="0" inconclusive="0" passedButRunAborted="0" notRunnable="0" notExecuted="0" disconnected="0" warning="0" completed="0" inProgress="0" pending="0" />
  </ResultSummary>
</TestRun>